<?xml version="1.0" encoding="UTF-8"?>
<!-- Generated by org.testng.reporters.JUnitXMLReporter -->
<testsuite ignored="1" hostname="DESKTOP-8KFKMLI" failures="0" tests="6" name="Default test" time="91.463" errors="0" timestamp="2022-01-18T09:01:49 IST">
  <testcase classname="smokeflow.NewCustProd" name="Login" time="21.335"/>
  <testcase classname="smokeflow.NewCustProd" name="New_Cust_Creation" time="20.015"/>
  <testcase classname="smokeflow.NewCustProd" name="ItemSelection" time="4.898"/>
  <testcase classname="smokeflow.NewCustProd" name="ItemSelection" time="4.139"/>
  <testcase classname="smokeflow.NewCustProd" name="ItemSelection" time="4.436"/>
  <testcase classname="smokeflow.NewCustProd" name="PaymentType" time="20.785"/>
  <testcase classname="smokeflow.NewCustProd" name="TotalType" time="0.0">
    <ignored/>
  </testcase> <!-- TotalType -->
</testsuite> <!-- Default test -->
