<?xml version="1.0" encoding="UTF-8"?>
<!-- Generated by org.testng.reporters.JUnitXMLReporter -->
<testsuite ignored="1" hostname="DESKTOP-8KFKMLI" failures="0" tests="5" name="EdgeTest" time="3.305" errors="0" timestamp="2021-10-30T18:26:25 IST">
  <testcase classname="mainpackage.CBTClass" name="@BeforeTest chromelaunch" time="0.341">
    <failure type="java.lang.NoSuchMethodError" message="org.openqa.selenium.remote.DesiredCapabilities.internetExplorer()Lorg/openqa/selenium/remote/DesiredCapabilities;">
      <![CDATA[java.lang.NoSuchMethodError: org.openqa.selenium.remote.DesiredCapabilities.internetExplorer()Lorg/openqa/selenium/remote/DesiredCapabilities;
at org.openqa.selenium.ie.InternetExplorerDriver.<init>(InternetExplorerDriver.java:204)
at org.openqa.selenium.ie.InternetExplorerDriver.<init>(InternetExplorerDriver.java:150)
at mainpackage.CBTClass.chromelaunch(CBTClass.java:47)
... Removed 24 stack frames]]>
    </failure>
  </testcase> <!-- @BeforeTest chromelaunch -->
  <testcase classname="mainpackage.CBTClass" name="@AfterMethod getResult" time="-1.635598584826E9">
    <skipped/>
  </testcase> <!-- @AfterMethod getResult -->
  <testcase classname="mainpackage.CBTClass" name="@AfterMethod getResult" time="-1.635598584959E9">
    <skipped/>
  </testcase> <!-- @AfterMethod getResult -->
  <testcase classname="mainpackage.CBTClass" name="@AfterMethod getResult" time="-1.635598585069E9">
    <skipped/>
  </testcase> <!-- @AfterMethod getResult -->
  <testcase classname="mainpackage.CBTClass" name="@AfterMethod getResult" time="-1.635598585093E9">
    <skipped/>
  </testcase> <!-- @AfterMethod getResult -->
  <testcase classname="mainpackage.CBTClass" name="@AfterMethod getResult" time="-1.635598585226E9">
    <skipped/>
  </testcase> <!-- @AfterMethod getResult -->
  <testcase classname="mainpackage.CBTClass" name="@AfterTest driverclose" time="-1.635598585238E9">
    <skipped/>
  </testcase> <!-- @AfterTest driverclose -->
  <testcase classname="cbtsmoke.CBT" name="Login" time="0.0">
    <skipped/>
  </testcase> <!-- Login -->
  <testcase classname="cbtsmoke.CBT" name="New_Cust_Creation" time="0.0">
    <skipped/>
  </testcase> <!-- New_Cust_Creation -->
  <testcase classname="cbtsmoke.CBT" name="ItemSelection" time="0.0">
    <skipped/>
  </testcase> <!-- ItemSelection -->
  <testcase classname="cbtsmoke.CBT" name="ItemSelection" time="0.0">
    <skipped/>
  </testcase> <!-- ItemSelection -->
  <testcase classname="cbtsmoke.CBT" name="PaymentType" time="0.0">
    <skipped/>
  </testcase> <!-- PaymentType -->
  <testcase classname="cbtsmoke.CBT" name="TotalType" time="0.0">
    <ignored/>
  </testcase> <!-- TotalType -->
</testsuite> <!-- EdgeTest -->
